<?xml version="1.0" encoding="UTF-8"?>
<!-- Generated by org.testng.reporters.JUnitReportReporter -->
<testsuite skipped="0" hostname="DESKTOP-NGNDCQO" name="tests.Runner" tests="2" failures="0" timestamp="13 Aug 2020 14:46:38 GMT" time="38.153" errors="0">
  <testcase name="searchFlight" time="32.838" classname="tests.Runner"/>
  <testcase name="bookFlight" time="5.315" classname="tests.Runner"/>
</testsuite> <!-- tests.Runner -->
